6.1s 1 0.00s - Debugger warning: It seems that frozen modules are being used, which may
6.1s 2 0.00s - make the debugger miss breakpoints. Please pass -Xfrozen_modules=off
6.1s 3 0.00s - to python to disable frozen modules.
6.1s 4 0.00s - Note: Debugging will proceed. Set PYDEVD_DISABLE_FILE_VALIDATION=1 to disable this validation.
6.9s 5 0.00s - Debugger warning: It seems that frozen modules are being used, which may
6.9s 6 0.00s - make the debugger miss breakpoints. Please pass -Xfrozen_modules=off
6.9s 7 0.00s - to python to disable frozen modules.
6.9s 8 0.00s - Note: Debugging will proceed. Set PYDEVD_DISABLE_FILE_VALIDATION=1 to disable this validation.
22.3s 9 Collecting zarr
22.3s 10 Downloading zarr-3.0.8-py3-none-any.whl.metadata (10.0 kB)
22.4s 11 Collecting donfig>=0.8 (from zarr)
22.4s 12 Downloading donfig-0.8.1.post1-py3-none-any.whl.metadata (5.0 kB)
22.5s 13 Collecting numcodecs>=0.14 (from numcodecs[crc32c]>=0.14->zarr)
22.6s 14 Downloading numcodecs-0.16.1-cp311-cp311-manylinux_2_17_x86_64.manylinux2014_x86_64.whl.metadata (3.3 kB)
22.6s 15 Requirement already satisfied: numpy>=1.25 in /usr/local/lib/python3.11/dist-packages (from zarr) (1.26.4)
22.6s 16 Requirement already satisfied: packaging>=22.0 in /usr/local/lib/python3.11/dist-packages (from zarr) (25.0)
22.6s 17 Requirement already satisfied: typing-extensions>=4.9 in /usr/local/lib/python3.11/dist-packages (from zarr) (4.13.2)
22.6s 18 Requirement already satisfied: pyyaml in /usr/local/lib/python3.11/dist-packages (from donfig>=0.8->zarr) (6.0.2)
22.8s 19 Collecting crc32c>=2.7 (from numcodecs[crc32c]>=0.14->zarr)
22.8s 20 Downloading crc32c-2.7.1-cp311-cp311-manylinux_2_5_x86_64.manylinux1_x86_64.manylinux_2_17_x86_64.manylinux2014_x86_64.whl.metadata (7.3 kB)
22.8s 21 Requirement already satisfied: mkl_fft in /usr/local/lib/python3.11/dist-packages (from numpy>=1.25->zarr) (1.3.8)
22.8s 22 Requirement already satisfied: mkl_random in /usr/local/lib/python3.11/dist-packages (from numpy>=1.25->zarr) (1.2.4)
22.8s 23 Requirement already satisfied: mkl_umath in /usr/local/lib/python3.11/dist-packages (from numpy>=1.25->zarr) (0.1.1)
22.8s 24 Requirement already satisfied: mkl in /usr/local/lib/python3.11/dist-packages (from numpy>=1.25->zarr) (2025.1.0)
22.8s 25 Requirement already satisfied: tbb4py in /usr/local/lib/python3.11/dist-packages (from numpy>=1.25->zarr) (2022.1.0)
22.8s 26 Requirement already satisfied: mkl-service in /usr/local/lib/python3.11/dist-packages (from numpy>=1.25->zarr) (2.4.1)
22.8s 27 Requirement already satisfied: intel-openmp<2026,>=2024 in /usr/local/lib/python3.11/dist-packages (from mkl->numpy>=1.25->zarr) (2024.2.0)
22.8s 28 Requirement already satisfied: tbb==2022.* in /usr/local/lib/python3.11/dist-packages (from mkl->numpy>=1.25->zarr) (2022.1.0)
22.8s 29 Requirement already satisfied: tcmlib==1.* in /usr/local/lib/python3.11/dist-packages (from tbb==2022.*->mkl->numpy>=1.25->zarr) (1.3.0)
22.8s 30 Requirement already satisfied: intel-cmplr-lib-rt in /usr/local/lib/python3.11/dist-packages (from mkl_umath->numpy>=1.25->zarr) (2024.2.0)
22.8s 31 Requirement already satisfied: intel-cmplr-lib-ur==2024.2.0 in /usr/local/lib/python3.11/dist-packages (from intel-openmp<2026,>=2024->mkl->numpy>=1.25->zarr) (2024.2.0)
22.9s 32 Downloading zarr-3.0.8-py3-none-any.whl (205 kB)
22.9s 33 [?25l   [90m━━━━━━━━━━━━━━━━━━━━━━━━━━━━━━━━━━━━━━━━[0m [32m0.0/205.4 kB[0m [31m?[0m eta [36m-:--:--[0m[2K   [91m━━━━━━━━━━━━━━━━━━━━━━━━━━━━━━━━━━━━━━━[0m[91m╸[0m [32m204.8/205.4 kB[0m [31m7.6 MB/s[0m eta [36m0:00:01[0m[2K   [90m━━━━━━━━━━━━━━━━━━━━━━━━━━━━━━━━━━━━━━━━[0m [32m205.4/205.4 kB[0m [31m4.9 MB/s[0m eta [36m0:00:00[0m
22.9s 34 [?25hDownloading donfig-0.8.1.post1-py3-none-any.whl (21 kB)
22.9s 35 Downloading numcodecs-0.16.1-cp311-cp311-manylinux_2_17_x86_64.manylinux2014_x86_64.whl (8.8 MB)
23.1s 36 [?25l   [90m━━━━━━━━━━━━━━━━━━━━━━━━━━━━━━━━━━━━━━━━[0m [32m0.0/8.8 MB[0m [31m?[0m eta [36m-:--:--[0m[2K   [91m━━━━━━━━[0m[90m╺[0m[90m━━━━━━━━━━━━━━━━━━━━━━━━━━━━━━━[0m [32m1.8/8.8 MB[0m [31m55.8 MB/s[0m eta [36m0:00:01[0m[2K   [91m━━━━━━━━━━━━━━━━━━━━━━━━━━━━━━━━━━━━[0m[90m╺[0m[90m━━━[0m [32m8.0/8.8 MB[0m [31m117.3 MB/s[0m eta [36m0:00:01[0m[2K   [91m━━━━━━━━━━━━━━━━━━━━━━━━━━━━━━━━━━━━━━━[0m[91m╸[0m [32m8.8/8.8 MB[0m [31m120.2 MB/s[0m eta [36m0:00:01[0m[2K   [90m━━━━━━━━━━━━━━━━━━━━━━━━━━━━━━━━━━━━━━━━[0m [32m8.8/8.8 MB[0m [31m77.7 MB/s[0m eta [36m0:00:00[0m
23.1s 37 [?25hDownloading crc32c-2.7.1-cp311-cp311-manylinux_2_5_x86_64.manylinux1_x86_64.manylinux_2_17_x86_64.manylinux2014_x86_64.whl (53 kB)
23.1s 38 [?25l   [90m━━━━━━━━━━━━━━━━━━━━━━━━━━━━━━━━━━━━━━━━[0m [32m0.0/53.7 kB[0m [31m?[0m eta [36m-:--:--[0m[2K   [90m━━━━━━━━━━━━━━━━━━━━━━━━━━━━━━━━━━━━━━━━[0m [32m53.7/53.7 kB[0m [31m3.3 MB/s[0m eta [36m0:00:00[0m
24.7s 39 [?25hInstalling collected packages: donfig, crc32c, numcodecs, zarr
25.1s 40 Successfully installed crc32c-2.7.1 donfig-0.8.1.post1 numcodecs-0.16.1 zarr-3.0.8
31.1s 41 /tmp/ipykernel_19/2370914654.py:133: FutureWarning: `torch.cuda.amp.GradScaler(args...)` is deprecated. Please use `torch.amp.GradScaler('cuda', args...)` instead.
31.1s 42 scaler = torch.cuda.amp.GradScaler() if use_bfloat16 else None
116.9s 43 torch.Size([64, 13, 224, 224])
237.7s 44 /tmp/ipykernel_19/1805945919.py:26: FutureWarning: `torch.cuda.amp.autocast(args...)` is deprecated. Please use `torch.amp.autocast('cuda', args...)` instead.
237.7s 45 with torch.cuda.amp.autocast(dtype=torch.bfloat16, enabled=use_bfloat16):
2728.1s 46 Validation loss: 0.4755209758877754
2728.8s 47 /tmp/ipykernel_19/3523467838.py:56: FutureWarning: `torch.cuda.amp.autocast(args...)` is deprecated. Please use `torch.amp.autocast('cuda', args...)` instead.
2728.8s 48 with torch.cuda.amp.autocast(dtype=torch.bfloat16, enabled=use_bfloat16):
2730.3s 49 loss: 0.4751338064670563, maskA: 65.0, maskB: 48.0
2730.3s 50 torch.Size([64, 13, 224, 224])
2731.6s 51 torch.Size([64, 13, 224, 224])
2732.8s 52 torch.Size([64, 13, 224, 224])
2734.3s 53 torch.Size([64, 13, 224, 224])
2815.5s 54 torch.Size([64, 13, 224, 224])
2817.6s 55 torch.Size([64, 13, 224, 224])
2900.6s 56 torch.Size([64, 13, 224, 224])
2902.7s 57 torch.Size([64, 13, 224, 224])
2984.9s 58 torch.Size([64, 13, 224, 224])
2986.9s 59 torch.Size([64, 13, 224, 224])
2988.3s 60 loss: 0.2810754572803324, maskA: 71.0, maskB: 43.0
3068.8s 61 torch.Size([64, 13, 224, 224])
3070.8s 62 torch.Size([64, 13, 224, 224])
3153.9s 63 torch.Size([64, 13, 224, 224])
3156.0s 64 torch.Size([64, 13, 224, 224])
3240.4s 65 torch.Size([64, 13, 224, 224])
3242.5s 66 torch.Size([64, 13, 224, 224])
3326.0s 67 torch.Size([64, 13, 224, 224])
3328.0s 68 torch.Size([64, 13, 224, 224])
3410.9s 69 torch.Size([64, 13, 224, 224])
3413.3s 70 torch.Size([64, 13, 224, 224])
3414.9s 71 loss: 0.2277020322425025, maskA: 72.52380952380952, maskB: 44.19047619047619
3495.6s 72 torch.Size([64, 13, 224, 224])
3497.6s 73 torch.Size([64, 13, 224, 224])
3580.2s 74 torch.Size([64, 13, 224, 224])
3582.9s 75 torch.Size([64, 13, 224, 224])
3665.8s 76 torch.Size([64, 13, 224, 224])
3668.0s 77 torch.Size([64, 13, 224, 224])
3749.7s 78 torch.Size([64, 13, 224, 224])
3753.6s 79 torch.Size([64, 13, 224, 224])
3834.0s 80 torch.Size([64, 13, 224, 224])
3837.4s 81 torch.Size([64, 13, 224, 224])
3838.8s 82 loss: 0.1958467933920122, maskA: 72.35483870967742, maskB: 44.645161290322584
3919.5s 83 torch.Size([64, 13, 224, 224])
3922.9s 84 torch.Size([64, 13, 224, 224])
4003.7s 85 torch.Size([64, 13, 224, 224])
4007.1s 86 torch.Size([64, 13, 224, 224])
4087.8s 87 torch.Size([64, 13, 224, 224])
4091.3s 88 torch.Size([64, 13, 224, 224])
4171.7s 89 torch.Size([64, 13, 224, 224])
4175.0s 90 torch.Size([64, 13, 224, 224])
4256.1s 91 torch.Size([64, 13, 224, 224])
4259.5s 92 torch.Size([64, 13, 224, 224])
4261.0s 93 loss: 0.1724597793526766, maskA: 74.07317073170732, maskB: 44.146341463414636
4339.9s 94 torch.Size([64, 13, 224, 224])
4343.2s 95 torch.Size([64, 13, 224, 224])
4423.4s 96 torch.Size([64, 13, 224, 224])
4427.3s 97 torch.Size([64, 13, 224, 224])
4508.5s 98 torch.Size([64, 13, 224, 224])
4512.1s 99 torch.Size([64, 13, 224, 224])
4593.2s 100 torch.Size([64, 13, 224, 224])
4597.9s 101 torch.Size([64, 13, 224, 224])
4678.5s 102 torch.Size([64, 13, 224, 224])
4683.2s 103 torch.Size([64, 13, 224, 224])
4684.5s 104 loss: 0.15382385882092456, maskA: 72.66666666666667, maskB: 44.529411764705884
4763.9s 105 torch.Size([64, 13, 224, 224])
4768.7s 106 torch.Size([64, 13, 224, 224])
4848.8s 107 torch.Size([64, 13, 224, 224])
4853.5s 108 torch.Size([64, 13, 224, 224])
4932.7s 109 torch.Size([64, 13, 224, 224])
4937.3s 110 torch.Size([64, 13, 224, 224])
5016.4s 111 torch.Size([64, 13, 224, 224])
5021.2s 112 torch.Size([64, 13, 224, 224])
5100.9s 113 torch.Size([64, 13, 224, 224])
5106.3s 114 torch.Size([64, 13, 224, 224])
5107.7s 115 loss: 0.13891626796761497, maskA: 73.27868852459017, maskB: 44.40983606557377
5185.6s 116 torch.Size([64, 13, 224, 224])
5190.3s 117 torch.Size([64, 13, 224, 224])
5270.4s 118 torch.Size([64, 13, 224, 224])
5275.1s 119 torch.Size([64, 13, 224, 224])
5354.4s 120 torch.Size([64, 13, 224, 224])
5359.3s 121 torch.Size([64, 13, 224, 224])
5438.7s 122 torch.Size([64, 13, 224, 224])
5443.4s 123 torch.Size([64, 13, 224, 224])
5522.5s 124 torch.Size([64, 13, 224, 224])
5527.4s 125 torch.Size([64, 13, 224, 224])
5528.6s 126 loss: 0.12765835981133958, maskA: 73.3943661971831, maskB: 44.309859154929576
5606.3s 127 torch.Size([64, 13, 224, 224])
5611.2s 128 torch.Size([64, 13, 224, 224])
5690.7s 129 torch.Size([64, 13, 224, 224])
5694.7s 130 torch.Size([64, 13, 224, 224])
5773.5s 131 torch.Size([64, 13, 224, 224])
5778.3s 132 torch.Size([64, 13, 224, 224])
5857.0s 133 torch.Size([64, 13, 224, 224])
5861.6s 134 torch.Size([64, 13, 224, 224])
5939.8s 135 torch.Size([64, 13, 224, 224])
5945.1s 136 torch.Size([64, 13, 224, 224])
5946.4s 137 loss: 0.1190177241317284, maskA: 73.81481481481481, maskB: 44.0
6023.5s 138 torch.Size([64, 13, 224, 224])
6028.0s 139 torch.Size([64, 13, 224, 224])
6107.2s 140 torch.Size([64, 13, 224, 224])
6111.9s 141 torch.Size([64, 13, 224, 224])
6189.8s 142 torch.Size([64, 13, 224, 224])
6194.5s 143 torch.Size([64, 13, 224, 224])
6273.8s 144 torch.Size([64, 13, 224, 224])
6278.4s 145 torch.Size([64, 13, 224, 224])
6357.0s 146 torch.Size([64, 13, 224, 224])
6362.2s 147 torch.Size([64, 13, 224, 224])
6363.6s 148 loss: 0.11163837159727956, maskA: 73.79120879120879, maskB: 43.97802197802198
6440.7s 149 torch.Size([64, 13, 224, 224])
6447.1s 150 torch.Size([64, 13, 224, 224])
6527.6s 151 torch.Size([64, 13, 224, 224])
6534.0s 152 torch.Size([64, 13, 224, 224])
6613.8s 153 torch.Size([64, 13, 224, 224])
6621.9s 154 torch.Size([64, 13, 224, 224])
6700.5s 155 torch.Size([64, 13, 224, 224])
6708.1s 156 torch.Size([64, 13, 224, 224])
6789.4s 157 torch.Size([64, 13, 224, 224])
6797.0s 158 torch.Size([64, 13, 224, 224])
6798.4s 159 loss: 0.10557429850249007, maskA: 73.95049504950495, maskB: 44.01980198019802
6878.1s 160 torch.Size([64, 13, 224, 224])
6885.7s 161 torch.Size([64, 13, 224, 224])
6966.2s 162 torch.Size([64, 13, 224, 224])
6974.2s 163 torch.Size([64, 13, 224, 224])
7054.1s 164 torch.Size([64, 13, 224, 224])
7061.5s 165 torch.Size([64, 13, 224, 224])
7141.5s 166 torch.Size([64, 13, 224, 224])
7148.9s 167 torch.Size([64, 13, 224, 224])
7227.0s 168 torch.Size([64, 13, 224, 224])
7234.8s 169 torch.Size([64, 13, 224, 224])
7236.1s 170 loss: 0.10063100998868814, maskA: 73.77477477477477, maskB: 44.16216216216216
7312.9s 171 torch.Size([64, 13, 224, 224])
7320.4s 172 torch.Size([64, 13, 224, 224])
7398.4s 173 torch.Size([64, 13, 224, 224])
7405.8s 174 torch.Size([64, 13, 224, 224])
7484.0s 175 torch.Size([64, 13, 224, 224])
7492.2s 176 torch.Size([64, 13, 224, 224])
7571.1s 177 torch.Size([64, 13, 224, 224])
7578.5s 178 torch.Size([64, 13, 224, 224])
7656.5s 179 torch.Size([64, 13, 224, 224])
7663.8s 180 torch.Size([64, 13, 224, 224])
10344.1s 181 Validation loss: 0.1363498244434595
10348.2s 182 loss: 0.09637354634517481, maskA: 73.44628099173553, maskB: 44.429752066115704
10348.2s 183 torch.Size([64, 13, 224, 224])
10349.5s 184 torch.Size([64, 13, 224, 224])
10350.9s 185 torch.Size([64, 13, 224, 224])
10352.2s 186 torch.Size([64, 13, 224, 224])
10432.0s 187 torch.Size([64, 13, 224, 224])
10433.9s 188 torch.Size([64, 13, 224, 224])
10516.5s 189 torch.Size([64, 13, 224, 224])
10518.4s 190 torch.Size([64, 13, 224, 224])
10599.4s 191 torch.Size([64, 13, 224, 224])
10601.5s 192 torch.Size([64, 13, 224, 224])
10602.8s 193 loss: 0.09245619811970769, maskA: 73.3969465648855, maskB: 44.42748091603053
10684.6s 194 torch.Size([64, 13, 224, 224])
10686.7s 195 torch.Size([64, 13, 224, 224])
10769.4s 196 torch.Size([64, 13, 224, 224])
10771.6s 197 torch.Size([64, 13, 224, 224])
10853.6s 198 torch.Size([64, 13, 224, 224])
10855.7s 199 torch.Size([64, 13, 224, 224])
10937.4s 200 torch.Size([64, 13, 224, 224])
10939.5s 201 torch.Size([64, 13, 224, 224])
11021.6s 202 torch.Size([64, 13, 224, 224])
11023.7s 203 torch.Size([64, 13, 224, 224])
11025.2s 204 loss: 0.08905104571517478, maskA: 73.70921985815603, maskB: 44.248226950354606
11106.7s 205 torch.Size([64, 13, 224, 224])
11108.7s 206 torch.Size([64, 13, 224, 224])
11191.7s 207 torch.Size([64, 13, 224, 224])
11193.7s 208 torch.Size([64, 13, 224, 224])
11275.7s 209 torch.Size([64, 13, 224, 224])
11277.9s 210 torch.Size([64, 13, 224, 224])
11360.1s 211 torch.Size([64, 13, 224, 224])
11363.4s 212 torch.Size([64, 13, 224, 224])
11444.2s 213 torch.Size([64, 13, 224, 224])
11447.8s 214 torch.Size([64, 13, 224, 224])
11449.1s 215 loss: 0.08608867479673285, maskA: 73.25827814569537, maskB: 44.33774834437086
11529.6s 216 torch.Size([64, 13, 224, 224])
11533.1s 217 torch.Size([64, 13, 224, 224])
11615.1s 218 torch.Size([64, 13, 224, 224])
11618.6s 219 torch.Size([64, 13, 224, 224])
11699.1s 220 torch.Size([64, 13, 224, 224])
11702.7s 221 torch.Size([64, 13, 224, 224])
11783.3s 222 torch.Size([64, 13, 224, 224])
11786.6s 223 torch.Size([64, 13, 224, 224])
11868.7s 224 torch.Size([64, 13, 224, 224])
11871.6s 225 torch.Size([64, 13, 224, 224])
11873.0s 226 loss: 0.08335997539092295, maskA: 72.82608695652173, maskB: 44.453416149068325
11952.6s 227 torch.Size([64, 13, 224, 224])
11955.8s 228 torch.Size([64, 13, 224, 224])
12037.3s 229 torch.Size([64, 13, 224, 224])
12040.7s 230 torch.Size([64, 13, 224, 224])
12120.9s 231 torch.Size([64, 13, 224, 224])
12124.7s 232 torch.Size([64, 13, 224, 224])
12205.0s 233 torch.Size([64, 13, 224, 224])
12208.3s 234 torch.Size([64, 13, 224, 224])
12288.8s 235 torch.Size([64, 13, 224, 224])
12292.3s 236 torch.Size([64, 13, 224, 224])
12293.5s 237 loss: 0.08123677522379752, maskA: 72.83040935672514, maskB: 44.41520467836257
12373.8s 238 torch.Size([64, 13, 224, 224])
12378.4s 239 torch.Size([64, 13, 224, 224])
12458.6s 240 torch.Size([64, 13, 224, 224])
12463.1s 241 torch.Size([64, 13, 224, 224])
12542.6s 242 torch.Size([64, 13, 224, 224])
12547.4s 243 torch.Size([64, 13, 224, 224])
12626.2s 244 torch.Size([64, 13, 224, 224])
12630.9s 245 torch.Size([64, 13, 224, 224])
12710.9s 246 torch.Size([64, 13, 224, 224])
12714.9s 247 torch.Size([64, 13, 224, 224])
12716.2s 248 loss: 0.07958149111402628, maskA: 72.91160220994475, maskB: 44.408839779005525
12794.0s 249 torch.Size([64, 13, 224, 224])
12798.8s 250 torch.Size([64, 13, 224, 224])
12877.9s 251 torch.Size([64, 13, 224, 224])
12883.2s 252 torch.Size([64, 13, 224, 224])
12962.3s 253 torch.Size([64, 13, 224, 224])
12967.0s 254 torch.Size([64, 13, 224, 224])
13046.3s 255 torch.Size([64, 13, 224, 224])
13050.9s 256 torch.Size([64, 13, 224, 224])
13130.2s 257 torch.Size([64, 13, 224, 224])
13134.8s 258 torch.Size([64, 13, 224, 224])
13136.2s 259 loss: 0.0776279216622495, maskA: 73.02094240837697, maskB: 44.340314136125656
13213.2s 260 torch.Size([64, 13, 224, 224])
13219.6s 261 torch.Size([64, 13, 224, 224])
13296.6s 262 torch.Size([64, 13, 224, 224])
13302.6s 263 torch.Size([64, 13, 224, 224])
13379.3s 264 torch.Size([64, 13, 224, 224])
13385.6s 265 torch.Size([64, 13, 224, 224])
13462.3s 266 torch.Size([64, 13, 224, 224])
13468.1s 267 torch.Size([64, 13, 224, 224])
13546.1s 268 torch.Size([64, 13, 224, 224])
13552.1s 269 torch.Size([64, 13, 224, 224])
13553.5s 270 loss: 0.07588995931975877, maskA: 72.8905472636816, maskB: 44.33830845771144
13628.5s 271 torch.Size([64, 13, 224, 224])
13634.4s 272 torch.Size([64, 13, 224, 224])
13712.1s 273 torch.Size([64, 13, 224, 224])
13717.6s 274 torch.Size([64, 13, 224, 224])
13793.4s 275 torch.Size([64, 13, 224, 224])
13799.4s 276 torch.Size([64, 13, 224, 224])
13876.1s 277 torch.Size([64, 13, 224, 224])
13882.0s 278 torch.Size([64, 13, 224, 224])
13957.6s 279 torch.Size([64, 13, 224, 224])
13963.8s 280 torch.Size([64, 13, 224, 224])
13965.0s 281 loss: 0.07439886614397803, maskA: 72.88625592417061, maskB: 44.39810426540284
14040.6s 282 torch.Size([64, 13, 224, 224])
14046.6s 283 torch.Size([64, 13, 224, 224])
14122.7s 284 torch.Size([64, 13, 224, 224])
14128.7s 285 torch.Size([64, 13, 224, 224])
14204.9s 286 torch.Size([64, 13, 224, 224])
14212.2s 287 torch.Size([64, 13, 224, 224])
14288.1s 288 torch.Size([64, 13, 224, 224])
14295.2s 289 torch.Size([64, 13, 224, 224])
14370.3s 290 torch.Size([64, 13, 224, 224])
14378.2s 291 torch.Size([64, 13, 224, 224])
14379.7s 292 loss: 0.0728676392701012, maskA: 73.05429864253394, maskB: 44.339366515837106
14454.2s 293 torch.Size([64, 13, 224, 224])
14461.4s 294 torch.Size([64, 13, 224, 224])
14536.1s 295 torch.Size([64, 13, 224, 224])
14545.2s 296 torch.Size([64, 13, 224, 224])
14618.2s 297 torch.Size([64, 13, 224, 224])
14626.6s 298 torch.Size([64, 13, 224, 224])
14700.1s 299 torch.Size([64, 13, 224, 224])
14709.5s 300 torch.Size([64, 13, 224, 224])
14782.6s 301 torch.Size([64, 13, 224, 224])
14792.1s 302 torch.Size([64, 13, 224, 224])
14793.4s 303 loss: 0.07161541879015826, maskA: 72.97402597402598, maskB: 44.33766233766234
14865.4s 304 torch.Size([64, 13, 224, 224])
14875.0s 305 torch.Size([64, 13, 224, 224])
14947.6s 306 torch.Size([64, 13, 224, 224])
14957.6s 307 torch.Size([64, 13, 224, 224])
15031.2s 308 torch.Size([64, 13, 224, 224])
15040.9s 309 torch.Size([64, 13, 224, 224])
15113.5s 310 torch.Size([64, 13, 224, 224])
15123.7s 311 torch.Size([64, 13, 224, 224])
15198.7s 312 torch.Size([64, 13, 224, 224])
15210.2s 313 torch.Size([64, 13, 224, 224])
17872.5s 314 Validation loss: 0.1108765590004623
17876.7s 315 loss: 0.07062846004066378, maskA: 72.9460580912863, maskB: 44.3402489626556
17876.7s 316 torch.Size([64, 13, 224, 224])
17878.0s 317 torch.Size([64, 13, 224, 224])
17879.4s 318 torch.Size([64, 13, 224, 224])
17880.8s 319 torch.Size([64, 13, 224, 224])
17959.9s 320 torch.Size([64, 13, 224, 224])
17962.0s 321 torch.Size([64, 13, 224, 224])
18045.0s 322 torch.Size([64, 13, 224, 224])
18047.3s 323 torch.Size([64, 13, 224, 224])
18129.0s 324 torch.Size([64, 13, 224, 224])
18131.1s 325 torch.Size([64, 13, 224, 224])
18132.4s 326 loss: 0.06957280399849215, maskA: 72.92828685258964, maskB: 44.33864541832669
18213.9s 327 torch.Size([64, 13, 224, 224])
18217.2s 328 torch.Size([64, 13, 224, 224])
18299.2s 329 torch.Size([64, 13, 224, 224])
18302.3s 330 torch.Size([64, 13, 224, 224])
18384.1s 331 torch.Size([64, 13, 224, 224])
18387.6s 332 torch.Size([64, 13, 224, 224])
18468.3s 333 torch.Size([64, 13, 224, 224])
18471.9s 334 torch.Size([64, 13, 224, 224])
18552.8s 335 torch.Size([64, 13, 224, 224])
18557.6s 336 torch.Size([64, 13, 224, 224])
18559.0s 337 loss: 0.06840213499535089, maskA: 72.91187739463602, maskB: 44.31417624521073
18638.0s 338 torch.Size([64, 13, 224, 224])
18642.5s 339 torch.Size([64, 13, 224, 224])
18723.9s 340 torch.Size([64, 13, 224, 224])
18728.6s 341 torch.Size([64, 13, 224, 224])
18809.6s 342 torch.Size([64, 13, 224, 224])
18814.6s 343 torch.Size([64, 13, 224, 224])
18895.5s 344 torch.Size([64, 13, 224, 224])
18901.6s 345 torch.Size([64, 13, 224, 224])
18981.6s 346 torch.Size([64, 13, 224, 224])
18987.7s 347 torch.Size([64, 13, 224, 224])
18989.0s 348 loss: 0.06745904347278535, maskA: 72.8450184501845, maskB: 44.313653136531364
19067.2s 349 torch.Size([64, 13, 224, 224])
19073.7s 350 torch.Size([64, 13, 224, 224])
19152.7s 351 torch.Size([64, 13, 224, 224])
19158.9s 352 torch.Size([64, 13, 224, 224])
19237.6s 353 torch.Size([64, 13, 224, 224])
19245.0s 354 torch.Size([64, 13, 224, 224])
19321.4s 355 torch.Size([64, 13, 224, 224])
19328.9s 356 torch.Size([64, 13, 224, 224])
19405.7s 357 torch.Size([64, 13, 224, 224])
19414.7s 358 torch.Size([64, 13, 224, 224])
19416.1s 359 loss: 0.06663557008120938, maskA: 72.86476868327402, maskB: 44.29181494661922
19487.1s 360 torch.Size([64, 13, 224, 224])
19495.5s 361 torch.Size([64, 13, 224, 224])
19567.3s 362 torch.Size([64, 13, 224, 224])
19575.4s 363 torch.Size([64, 13, 224, 224])
19646.5s 364 torch.Size([64, 13, 224, 224])
19654.9s 365 torch.Size([64, 13, 224, 224])
19729.3s 366 torch.Size([64, 13, 224, 224])
19734.8s 367 torch.Size([64, 13, 224, 224])
19810.8s 368 torch.Size([64, 13, 224, 224])
19814.3s 369 torch.Size([64, 13, 224, 224])
19815.6s 370 loss: 0.06851106796324048, maskA: 73.0, maskB: 44.23024054982818
19892.2s 371 torch.Size([64, 13, 224, 224])
19896.7s 372 torch.Size([64, 13, 224, 224])
19972.5s 373 torch.Size([64, 13, 224, 224])
19978.1s 374 torch.Size([64, 13, 224, 224])
20052.7s 375 torch.Size([64, 13, 224, 224])
20060.9s 376 torch.Size([64, 13, 224, 224])
20133.2s 377 torch.Size([64, 13, 224, 224])
20141.9s 378 torch.Size([64, 13, 224, 224])
20212.9s 379 torch.Size([64, 13, 224, 224])
20222.2s 380 torch.Size([64, 13, 224, 224])
20223.6s 381 loss: 0.06963824628050937, maskA: 72.88704318936877, maskB: 44.2358803986711
20293.6s 382 torch.Size([64, 13, 224, 224])
20302.2s 383 torch.Size([64, 13, 224, 224])
20373.9s 384 torch.Size([64, 13, 224, 224])
20383.4s 385 torch.Size([64, 13, 224, 224])
20456.0s 386 torch.Size([64, 13, 224, 224])
20464.4s 387 torch.Size([64, 13, 224, 224])
20539.0s 388 torch.Size([64, 13, 224, 224])
20547.1s 389 torch.Size([64, 13, 224, 224])
20618.7s 390 torch.Size([64, 13, 224, 224])
20627.9s 391 torch.Size([64, 13, 224, 224])
20629.3s 392 loss: 0.07102561347977142, maskA: 72.7717041800643, maskB: 44.27974276527331
20698.6s 393 torch.Size([64, 13, 224, 224])
20709.4s 394 torch.Size([64, 13, 224, 224])
20778.0s 395 torch.Size([64, 13, 224, 224])
20788.4s 396 torch.Size([64, 13, 224, 224])
20858.8s 397 torch.Size([64, 13, 224, 224])
20872.9s 398 torch.Size([64, 13, 224, 224])
20939.8s 399 torch.Size([64, 13, 224, 224])
20950.9s 400 torch.Size([64, 13, 224, 224])
21021.4s 401 torch.Size([64, 13, 224, 224])
21034.5s 402 torch.Size([64, 13, 224, 224])
21035.8s 403 loss: 0.07181257170819419, maskA: 72.89408099688474, maskB: 44.2803738317757
21102.2s 404 torch.Size([64, 13, 224, 224])
21112.5s 405 torch.Size([64, 13, 224, 224])
21180.6s 406 torch.Size([64, 13, 224, 224])
21192.6s 407 torch.Size([64, 13, 224, 224])
21260.9s 408 torch.Size([64, 13, 224, 224])
21270.9s 409 torch.Size([64, 13, 224, 224])
21340.3s 410 torch.Size([64, 13, 224, 224])
21351.9s 411 torch.Size([64, 13, 224, 224])
21420.2s 412 torch.Size([64, 13, 224, 224])
21434.0s 413 torch.Size([64, 13, 224, 224])
21435.3s 414 loss: 0.07228982854870872, maskA: 72.94259818731118, maskB: 44.22356495468278
21501.3s 415 torch.Size([64, 13, 224, 224])
21517.6s 416 torch.Size([64, 13, 224, 224])
21579.8s 417 torch.Size([64, 13, 224, 224])
21595.9s 418 torch.Size([64, 13, 224, 224])
21658.2s 419 torch.Size([64, 13, 224, 224])
21676.6s 420 torch.Size([64, 13, 224, 224])
21736.5s 421 torch.Size([64, 13, 224, 224])
21754.5s 422 torch.Size([64, 13, 224, 224])
21815.8s 423 torch.Size([64, 13, 224, 224])
21834.7s 424 torch.Size([64, 13, 224, 224])
21835.9s 425 loss: 0.07240440299914729, maskA: 72.94134897360703, maskB: 44.17595307917889
21894.1s 426 torch.Size([64, 13, 224, 224])
21913.4s 427 torch.Size([64, 13, 224, 224])
21980.1s 428 torch.Size([64, 13, 224, 224])
22003.4s 429 torch.Size([64, 13, 224, 224])
22061.4s 430 torch.Size([64, 13, 224, 224])
22081.6s 431 torch.Size([64, 13, 224, 224])
22148.2s 432 torch.Size([64, 13, 224, 224])
22170.8s 433 torch.Size([64, 13, 224, 224])
22227.5s 434 torch.Size([64, 13, 224, 224])
22249.7s 435 torch.Size([64, 13, 224, 224])
22251.0s 436 loss: 0.0724887600715174, maskA: 72.96581196581197, maskB: 44.18233618233618
22312.0s 437 torch.Size([64, 13, 224, 224])
22337.3s 438 torch.Size([64, 13, 224, 224])
22391.9s 439 torch.Size([64, 13, 224, 224])
22416.0s 440 torch.Size([64, 13, 224, 224])
22476.8s 441 torch.Size([64, 13, 224, 224])
22503.3s 442 torch.Size([64, 13, 224, 224])
22558.6s 443 torch.Size([64, 13, 224, 224])
22584.1s 444 torch.Size([64, 13, 224, 224])
22639.6s 445 torch.Size([64, 13, 224, 224])
22664.9s 446 torch.Size([64, 13, 224, 224])
25297.8s 447 Validation loss: 0.14266287852078677
25299.1s 448 loss: 0.07252114195985478, maskA: 72.91412742382272, maskB: 44.204986149584485
25299.1s 449 torch.Size([64, 13, 224, 224])
25300.3s 450 torch.Size([64, 13, 224, 224])
25301.7s 451 torch.Size([64, 13, 224, 224])
25303.0s 452 torch.Size([64, 13, 224, 224])
25378.7s 453 torch.Size([64, 13, 224, 224])
25380.6s 454 torch.Size([64, 13, 224, 224])
25457.3s 455 torch.Size([64, 13, 224, 224])
25459.5s 456 torch.Size([64, 13, 224, 224])
25536.1s 457 torch.Size([64, 13, 224, 224])
25538.0s 458 torch.Size([64, 13, 224, 224])
25539.4s 459 loss: 0.07272358614238446, maskA: 72.77628032345014, maskB: 44.25876010781671
25614.2s 460 torch.Size([64, 13, 224, 224])
25617.5s 461 torch.Size([64, 13, 224, 224])
25692.5s 462 torch.Size([64, 13, 224, 224])
25695.6s 463 torch.Size([64, 13, 224, 224])
25771.3s 464 torch.Size([64, 13, 224, 224])
25775.8s 465 torch.Size([64, 13, 224, 224])
25852.6s 466 torch.Size([64, 13, 224, 224])
25855.7s 467 torch.Size([64, 13, 224, 224])
25931.5s 468 torch.Size([64, 13, 224, 224])
25934.5s 469 torch.Size([64, 13, 224, 224])
25935.8s 470 loss: 0.07274865099959799, maskA: 72.79265091863518, maskB: 44.25984251968504
26010.6s 471 torch.Size([64, 13, 224, 224])
26014.2s 472 torch.Size([64, 13, 224, 224])
26088.9s 473 torch.Size([64, 13, 224, 224])
26093.2s 474 torch.Size([64, 13, 224, 224])
26166.7s 475 torch.Size([64, 13, 224, 224])
26171.0s 476 torch.Size([64, 13, 224, 224])
26246.1s 477 torch.Size([64, 13, 224, 224])
26251.9s 478 torch.Size([64, 13, 224, 224])
26323.9s 479 torch.Size([64, 13, 224, 224])
26330.8s 480 torch.Size([64, 13, 224, 224])
26332.1s 481 loss: 0.07274877288571709, maskA: 72.79283887468031, maskB: 44.214833759590796
26404.0s 482 torch.Size([64, 13, 224, 224])
26412.8s 483 torch.Size([64, 13, 224, 224])
26484.5s 484 torch.Size([64, 13, 224, 224])
26492.5s 485 torch.Size([64, 13, 224, 224])
26564.4s 486 torch.Size([64, 13, 224, 224])
26574.1s 487 torch.Size([64, 13, 224, 224])
26643.4s 488 torch.Size([64, 13, 224, 224])
26652.5s 489 torch.Size([64, 13, 224, 224])
26727.4s 490 torch.Size([64, 13, 224, 224])
26736.9s 491 torch.Size([64, 13, 224, 224])
26738.2s 492 loss: 0.07265645441160237, maskA: 72.7206982543641, maskB: 44.20199501246883
26806.4s 493 torch.Size([64, 13, 224, 224])
26817.9s 494 torch.Size([64, 13, 224, 224])
26888.7s 495 torch.Size([64, 13, 224, 224])
26897.9s 496 torch.Size([64, 13, 224, 224])
26966.7s 497 torch.Size([64, 13, 224, 224])
26977.7s 498 torch.Size([64, 13, 224, 224])
27049.4s 499 torch.Size([64, 13, 224, 224])
27064.2s 500 torch.Size([64, 13, 224, 224])
27129.2s 501 torch.Size([64, 13, 224, 224])
27144.1s 502 torch.Size([64, 13, 224, 224])
27145.4s 503 loss: 0.072593406404747, maskA: 72.90997566909975, maskB: 44.160583941605836
27212.3s 504 torch.Size([64, 13, 224, 224])
27226.8s 505 torch.Size([64, 13, 224, 224])
27293.1s 506 torch.Size([64, 13, 224, 224])
27306.1s 507 torch.Size([64, 13, 224, 224])
27375.4s 508 torch.Size([64, 13, 224, 224])
27389.4s 509 torch.Size([64, 13, 224, 224])
27453.6s 510 torch.Size([64, 13, 224, 224])
27468.8s 511 torch.Size([64, 13, 224, 224])
27538.2s 512 torch.Size([64, 13, 224, 224])
27553.3s 513 torch.Size([64, 13, 224, 224])
27554.6s 514 loss: 0.07266086189523162, maskA: 72.83847980997625, maskB: 44.19477434679335
27618.3s 515 torch.Size([64, 13, 224, 224])
27633.8s 516 torch.Size([64, 13, 224, 224])
27699.4s 517 torch.Size([64, 13, 224, 224])
27716.3s 518 torch.Size([64, 13, 224, 224])
27779.8s 519 torch.Size([64, 13, 224, 224])
27795.1s 520 torch.Size([64, 13, 224, 224])
27864.8s 521 torch.Size([64, 13, 224, 224])
27880.6s 522 torch.Size([64, 13, 224, 224])
27944.2s 523 torch.Size([64, 13, 224, 224])
27959.3s 524 torch.Size([64, 13, 224, 224])
27960.5s 525 loss: 0.07263201306597816, maskA: 72.76334106728538, maskB: 44.21113689095127
28025.1s 526 torch.Size([64, 13, 224, 224])
28042.2s 527 torch.Size([64, 13, 224, 224])
28104.3s 528 torch.Size([64, 13, 224, 224])
28120.8s 529 torch.Size([64, 13, 224, 224])
28189.9s 530 torch.Size([64, 13, 224, 224])
28209.0s 531 torch.Size([64, 13, 224, 224])
28269.4s 532 torch.Size([64, 13, 224, 224])
28288.0s 533 torch.Size([64, 13, 224, 224])
28354.3s 534 torch.Size([64, 13, 224, 224])
28373.2s 535 torch.Size([64, 13, 224, 224])
28374.6s 536 loss: 0.07247157809651898, maskA: 72.7233560090703, maskB: 44.188208616780045
28435.6s 537 torch.Size([64, 13, 224, 224])
28452.1s 538 torch.Size([64, 13, 224, 224])
28520.4s 539 torch.Size([64, 13, 224, 224])
28537.5s 540 torch.Size([64, 13, 224, 224])
28600.6s 541 torch.Size([64, 13, 224, 224])
28615.7s 542 torch.Size([64, 13, 224, 224])
28682.9s 543 torch.Size([64, 13, 224, 224])
28699.5s 544 torch.Size([64, 13, 224, 224])
28763.4s 545 torch.Size([64, 13, 224, 224])
28780.0s 546 torch.Size([64, 13, 224, 224])
28781.4s 547 loss: 0.07258450915570269, maskA: 72.75166297117516, maskB: 44.17738359201774
28849.3s 548 torch.Size([64, 13, 224, 224])
28865.8s 549 torch.Size([64, 13, 224, 224])
28927.3s 550 torch.Size([64, 13, 224, 224])
28944.2s 551 torch.Size([64, 13, 224, 224])
29009.0s 552 torch.Size([64, 13, 224, 224])
29025.2s 553 torch.Size([64, 13, 224, 224])
29088.6s 554 torch.Size([64, 13, 224, 224])
29104.2s 555 torch.Size([64, 13, 224, 224])
29171.7s 556 torch.Size([64, 13, 224, 224])
29188.3s 557 torch.Size([64, 13, 224, 224])
29189.7s 558 loss: 0.07274605791991548, maskA: 72.70715835140997, maskB: 44.19522776572668
29250.9s 559 torch.Size([64, 13, 224, 224])
29267.8s 560 torch.Size([64, 13, 224, 224])
29337.0s 561 torch.Size([64, 13, 224, 224])
29353.9s 562 torch.Size([64, 13, 224, 224])
29416.7s 563 torch.Size([64, 13, 224, 224])
29435.7s 564 torch.Size([64, 13, 224, 224])
29506.3s 565 torch.Size([64, 13, 224, 224])
29522.8s 566 torch.Size([64, 13, 224, 224])
29585.8s 567 torch.Size([64, 13, 224, 224])
29601.0s 568 torch.Size([64, 13, 224, 224])
29602.3s 569 loss: 0.0727585653305813, maskA: 72.67303609341826, maskB: 44.21231422505308
29670.0s 570 torch.Size([64, 13, 224, 224])
29688.8s 571 torch.Size([64, 13, 224, 224])
29750.3s 572 torch.Size([64, 13, 224, 224])
29766.7s 573 torch.Size([64, 13, 224, 224])
29832.7s 574 torch.Size([64, 13, 224, 224])
29850.7s 575 torch.Size([64, 13, 224, 224])
29913.6s 576 torch.Size([64, 13, 224, 224])
29930.9s 577 torch.Size([64, 13, 224, 224])
29996.6s 578 torch.Size([64, 13, 224, 224])
30015.8s 579 torch.Size([64, 13, 224, 224])
32691.6s 580 Validation loss: 0.10558576080948115
32695.7s 581 loss: 0.0727957170727719, maskA: 72.6008316008316, maskB: 44.228690228690226
32695.7s 582 torch.Size([64, 13, 224, 224])
32697.0s 583 torch.Size([64, 13, 224, 224])
32698.4s 584 torch.Size([64, 13, 224, 224])
32699.7s 585 torch.Size([64, 13, 224, 224])
32785.0s 586 torch.Size([64, 13, 224, 224])
32786.3s 587 torch.Size([64, 13, 224, 224])
32867.4s 588 torch.Size([64, 13, 224, 224])
32868.4s 589 torch.Size([64, 13, 224, 224])
32946.6s 590 torch.Size([64, 13, 224, 224])
32948.0s 591 torch.Size([64, 13, 224, 224])
32949.4s 592 loss: 0.07296463321370894, maskA: 72.59674134419552, maskB: 44.20773930753564
33030.5s 593 torch.Size([64, 13, 224, 224])
33031.7s 594 torch.Size([64, 13, 224, 224])
33109.9s 595 torch.Size([64, 13, 224, 224])
33111.1s 596 torch.Size([64, 13, 224, 224])
33190.8s 597 torch.Size([64, 13, 224, 224])
33191.9s 598 torch.Size([64, 13, 224, 224])
33270.9s 599 torch.Size([64, 13, 224, 224])
33272.1s 600 torch.Size([64, 13, 224, 224])
33352.8s 601 torch.Size([64, 13, 224, 224])
33354.0s 602 torch.Size([64, 13, 224, 224])
33355.3s 603 loss: 0.072950910970182, maskA: 72.57285429141717, maskB: 44.199600798403196
33432.3s 604 torch.Size([64, 13, 224, 224])
33433.6s 605 torch.Size([64, 13, 224, 224])
33515.9s 606 torch.Size([64, 13, 224, 224])
33517.8s 607 torch.Size([64, 13, 224, 224])
33594.1s 608 torch.Size([64, 13, 224, 224])
33596.1s 609 torch.Size([64, 13, 224, 224])
33676.1s 610 torch.Size([64, 13, 224, 224])
33679.5s 611 torch.Size([64, 13, 224, 224])
33756.4s 612 torch.Size([64, 13, 224, 224])
33758.2s 613 torch.Size([64, 13, 224, 224])
33759.5s 614 loss: 0.07295301159271522, maskA: 72.56360078277886, maskB: 44.20352250489237
33836.0s 615 torch.Size([64, 13, 224, 224])
33838.1s 616 torch.Size([64, 13, 224, 224])
33915.2s 617 torch.Size([64, 13, 224, 224])
33917.0s 618 torch.Size([64, 13, 224, 224])
33999.2s 619 torch.Size([64, 13, 224, 224])
34003.6s 620 torch.Size([64, 13, 224, 224])
34079.7s 621 torch.Size([64, 13, 224, 224])
34084.1s 622 torch.Size([64, 13, 224, 224])
34164.0s 623 torch.Size([64, 13, 224, 224])
34168.1s 624 torch.Size([64, 13, 224, 224])
34169.5s 625 loss: 0.07306615357607203, maskA: 72.50479846449136, maskB: 44.20729366602687
34245.6s 626 torch.Size([64, 13, 224, 224])
34250.0s 627 torch.Size([64, 13, 224, 224])
34327.3s 628 torch.Size([64, 13, 224, 224])
34333.1s 629 torch.Size([64, 13, 224, 224])
34406.7s 630 torch.Size([64, 13, 224, 224])
34412.2s 631 torch.Size([64, 13, 224, 224])
34491.1s 632 torch.Size([64, 13, 224, 224])
34499.0s 633 torch.Size([64, 13, 224, 224])
34571.0s 634 torch.Size([64, 13, 224, 224])
34577.6s 635 torch.Size([64, 13, 224, 224])
34578.8s 636 loss: 0.07303727235076792, maskA: 72.35216572504709, maskB: 44.24482109227872
34654.2s 637 torch.Size([64, 13, 224, 224])
34662.8s 638 torch.Size([64, 13, 224, 224])
34733.4s 639 torch.Size([64, 13, 224, 224])
34741.4s 640 torch.Size([64, 13, 224, 224])
34819.0s 641 torch.Size([64, 13, 224, 224])
34831.0s 642 torch.Size([64, 13, 224, 224])
34899.6s 643 torch.Size([64, 13, 224, 224])
34910.1s 644 torch.Size([64, 13, 224, 224])
34986.4s 645 torch.Size([64, 13, 224, 224])
34996.8s 646 torch.Size([64, 13, 224, 224])
34998.2s 647 loss: 0.07289924380298904, maskA: 72.3826247689464, maskB: 44.23475046210721
35066.0s 648 torch.Size([64, 13, 224, 224])
35077.8s 649 torch.Size([64, 13, 224, 224])
35153.4s 650 torch.Size([64, 13, 224, 224])
35167.3s 651 torch.Size([64, 13, 224, 224])
35235.2s 652 torch.Size([64, 13, 224, 224])
35249.8s 653 torch.Size([64, 13, 224, 224])
35319.6s 654 torch.Size([64, 13, 224, 224])
35334.9s 655 torch.Size([64, 13, 224, 224])
35399.6s 656 torch.Size([64, 13, 224, 224])
35416.7s 657 torch.Size([64, 13, 224, 224])
35418.0s 658 loss: 0.07272073294554994, maskA: 72.47005444646098, maskB: 44.20508166969147
35485.3s 659 torch.Size([64, 13, 224, 224])
35503.9s 660 torch.Size([64, 13, 224, 224])
35565.7s 661 torch.Size([64, 13, 224, 224])
35583.4s 662 torch.Size([64, 13, 224, 224])
35630.7s 663 torch.Size([64, 13, 224, 224])
35731.1s 664 torch.Size([64, 13, 224, 224])
35732.5s 665 loss: 0.06588617712259293, maskA: 93.0, maskB: 36.0
35732.5s 666 torch.Size([64, 13, 224, 224])
35814.9s 667 torch.Size([64, 13, 224, 224])
35816.2s 668 torch.Size([64, 13, 224, 224])
35900.1s 669 torch.Size([64, 13, 224, 224])
35901.3s 670 torch.Size([64, 13, 224, 224])
35983.3s 671 torch.Size([64, 13, 224, 224])
35984.5s 672 torch.Size([64, 13, 224, 224])
36071.9s 673 torch.Size([64, 13, 224, 224])
36073.1s 674 torch.Size([64, 13, 224, 224])
36158.6s 675 torch.Size([64, 13, 224, 224])
36159.9s 676 loss: 0.06673471595753323, maskA: 73.72727272727273, maskB: 44.18181818181818
36159.9s 677 torch.Size([64, 13, 224, 224])
36245.8s 678 torch.Size([64, 13, 224, 224])
36246.8s 679 torch.Size([64, 13, 224, 224])
36329.2s 680 torch.Size([64, 13, 224, 224])
36330.6s 681 torch.Size([64, 13, 224, 224])
36415.4s 682 torch.Size([64, 13, 224, 224])
36416.5s 683 torch.Size([64, 13, 224, 224])
36499.2s 684 torch.Size([64, 13, 224, 224])
36500.6s 685 torch.Size([64, 13, 224, 224])
36587.3s 686 torch.Size([64, 13, 224, 224])
36588.5s 687 loss: 0.05962514451571873, maskA: 72.19047619047619, maskB: 44.285714285714285
36588.5s 688 torch.Size([64, 13, 224, 224])
36672.8s 689 torch.Size([64, 13, 224, 224])
36674.0s 690 torch.Size([64, 13, 224, 224])
36764.2s 691 torch.Size([64, 13, 224, 224])
36765.4s 692 torch.Size([64, 13, 224, 224])
36849.0s 693 torch.Size([64, 13, 224, 224])
36850.4s 694 torch.Size([64, 13, 224, 224])
36939.4s 695 torch.Size([64, 13, 224, 224])
36940.6s 696 torch.Size([64, 13, 224, 224])
37024.0s 697 torch.Size([64, 13, 224, 224])
37025.2s 698 loss: 0.05699630406114363, maskA: 73.03225806451613, maskB: 43.903225806451616
37025.2s 699 torch.Size([64, 13, 224, 224])
37117.1s 700 torch.Size([64, 13, 224, 224])
37118.3s 701 torch.Size([64, 13, 224, 224])
37200.7s 702 torch.Size([64, 13, 224, 224])
37202.0s 703 torch.Size([64, 13, 224, 224])
37290.1s 704 torch.Size([64, 13, 224, 224])
37291.3s 705 torch.Size([64, 13, 224, 224])
37376.3s 706 torch.Size([64, 13, 224, 224])
37377.5s 707 torch.Size([64, 13, 224, 224])
37463.6s 708 torch.Size([64, 13, 224, 224])
37464.7s 709 loss: 0.05429870389947077, maskA: 74.39024390243902, maskB: 43.5609756097561
37464.7s 710 torch.Size([64, 13, 224, 224])
37548.4s 711 torch.Size([64, 13, 224, 224])
37551.3s 712 torch.Size([64, 13, 224, 224])
37635.6s 713 torch.Size([64, 13, 224, 224])
40231.6s 714 Validation loss: 0.08758518630638719
40235.7s 715 torch.Size([64, 13, 224, 224])
40237.0s 716 torch.Size([64, 13, 224, 224])
40238.4s 717 torch.Size([64, 13, 224, 224])
40239.7s 718 torch.Size([64, 13, 224, 224])
40322.6s 719 torch.Size([64, 13, 224, 224])
40323.8s 720 torch.Size([64, 13, 224, 224])
40325.1s 721 loss: 0.05321714530388514, maskA: 73.88235294117646, maskB: 43.84313725490196
40405.8s 722 torch.Size([64, 13, 224, 224])
40407.9s 723 torch.Size([64, 13, 224, 224])
40489.0s 724 torch.Size([64, 13, 224, 224])
40490.8s 725 torch.Size([64, 13, 224, 224])
40573.8s 726 torch.Size([64, 13, 224, 224])
40576.0s 727 torch.Size([64, 13, 224, 224])
40657.3s 728 torch.Size([64, 13, 224, 224])
40659.2s 729 torch.Size([64, 13, 224, 224])
40741.2s 730 torch.Size([64, 13, 224, 224])
40744.8s 731 torch.Size([64, 13, 224, 224])
40746.2s 732 loss: 0.051304366195299586, maskA: 74.14754098360656, maskB: 43.73770491803279
40824.5s 733 torch.Size([64, 13, 224, 224])
40828.0s 734 torch.Size([64, 13, 224, 224])
40909.6s 735 torch.Size([64, 13, 224, 224])
40912.9s 736 torch.Size([64, 13, 224, 224])
40992.6s 737 torch.Size([64, 13, 224, 224])
40995.9s 738 torch.Size([64, 13, 224, 224])
41078.7s 739 torch.Size([64, 13, 224, 224])
41080.3s 740 torch.Size([64, 13, 224, 224])
41165.6s 741 torch.Size([64, 13, 224, 224])
41166.8s 742 torch.Size([64, 13, 224, 224])
41168.2s 743 loss: 0.05038346596796748, maskA: 73.85915492957747, maskB: 43.816901408450704
41248.0s 744 torch.Size([64, 13, 224, 224])
41249.3s 745 torch.Size([64, 13, 224, 224])
41333.2s 746 torch.Size([64, 13, 224, 224])
41334.4s 747 torch.Size([64, 13, 224, 224])
41419.5s 748 torch.Size([64, 13, 224, 224])
41420.7s 749 torch.Size([64, 13, 224, 224])
41503.1s 750 torch.Size([64, 13, 224, 224])
41504.2s 751 torch.Size([64, 13, 224, 224])
41586.7s 752 torch.Size([64, 13, 224, 224])
41589.6s 753 torch.Size([64, 13, 224, 224])
41590.9s 754 loss: 0.049880274973901705, maskA: 73.33333333333333, maskB: 43.96296296296296
41671.2s 755 torch.Size([64, 13, 224, 224])
41673.1s 756 torch.Size([64, 13, 224, 224])
41755.6s 757 torch.Size([64, 13, 224, 224])
41757.7s 758 torch.Size([64, 13, 224, 224])
41841.4s 759 torch.Size([64, 13, 224, 224])
41844.7s 760 torch.Size([64, 13, 224, 224])
41927.5s 761 torch.Size([64, 13, 224, 224])
41931.2s 762 torch.Size([64, 13, 224, 224])
42011.8s 763 torch.Size([64, 13, 224, 224])
42015.3s 764 torch.Size([64, 13, 224, 224])
42016.6s 765 loss: 0.04910545759312399, maskA: 73.27472527472527, maskB: 44.07692307692308
42096.8s 766 torch.Size([64, 13, 224, 224])
42103.9s 767 torch.Size([64, 13, 224, 224])
42181.5s 768 torch.Size([64, 13, 224, 224])
42187.5s 769 torch.Size([64, 13, 224, 224])
42267.4s 770 torch.Size([64, 13, 224, 224])
42273.2s 771 torch.Size([64, 13, 224, 224])
42353.5s 772 torch.Size([64, 13, 224, 224])
42357.9s 773 torch.Size([64, 13, 224, 224])
42438.4s 774 torch.Size([64, 13, 224, 224])
42444.2s 775 torch.Size([64, 13, 224, 224])
42445.6s 776 loss: 0.048525126263646794, maskA: 73.42574257425743, maskB: 44.0990099009901
42524.2s 777 torch.Size([64, 13, 224, 224])
42530.2s 778 torch.Size([64, 13, 224, 224])
42609.8s 779 torch.Size([64, 13, 224, 224])
42618.3s 780 torch.Size([64, 13, 224, 224])
42693.9s 781 torch.Size([64, 13, 224, 224])
42702.5s 782 torch.Size([64, 13, 224, 224])
42777.6s 783 torch.Size([64, 13, 224, 224])
42791.4s 784 torch.Size([64, 13, 224, 224])
42862.0s 785 torch.Size([64, 13, 224, 224])
42877.7s 786 torch.Size([64, 13, 224, 224])
42879.1s 787 loss: 0.048163887549628005, maskA: 73.17117117117117, maskB: 44.333333333333336
42949.2s 788 torch.Size([64, 13, 224, 224])
42965.0s 789 torch.Size([64, 13, 224, 224])
43034.5s 790 torch.Size([64, 13, 224, 224])
43049.6s 791 torch.Size([64, 13, 224, 224])
43118.3s 792 torch.Size([64, 13, 224, 224])
43135.1s 793 torch.Size([64, 13, 224, 224])
43203.7s 794 torch.Size([64, 13, 224, 224])