5.8s 1 0.00s - Debugger warning: It seems that frozen modules are being used, which may
5.8s 2 0.00s - make the debugger miss breakpoints. Please pass -Xfrozen_modules=off
5.8s 3 0.00s - to python to disable frozen modules.
5.8s 4 0.00s - Note: Debugging will proceed. Set PYDEVD_DISABLE_FILE_VALIDATION=1 to disable this validation.
6.6s 5 0.00s - Debugger warning: It seems that frozen modules are being used, which may
6.6s 6 0.00s - make the debugger miss breakpoints. Please pass -Xfrozen_modules=off
6.6s 7 0.00s - to python to disable frozen modules.
6.6s 8 0.00s - Note: Debugging will proceed. Set PYDEVD_DISABLE_FILE_VALIDATION=1 to disable this validation.
21.9s 9 Collecting zarr
21.9s 10 Downloading zarr-3.0.8-py3-none-any.whl.metadata (10.0 kB)
22.0s 11 Collecting donfig>=0.8 (from zarr)
22.0s 12 Downloading donfig-0.8.1.post1-py3-none-any.whl.metadata (5.0 kB)
22.1s 13 Collecting numcodecs>=0.14 (from numcodecs[crc32c]>=0.14->zarr)
22.2s 14 Downloading numcodecs-0.16.1-cp311-cp311-manylinux_2_17_x86_64.manylinux2014_x86_64.whl.metadata (3.3 kB)
22.2s 15 Requirement already satisfied: numpy>=1.25 in /usr/local/lib/python3.11/dist-packages (from zarr) (1.26.4)
22.2s 16 Requirement already satisfied: packaging>=22.0 in /usr/local/lib/python3.11/dist-packages (from zarr) (25.0)
22.2s 17 Requirement already satisfied: typing-extensions>=4.9 in /usr/local/lib/python3.11/dist-packages (from zarr) (4.13.2)
22.2s 18 Requirement already satisfied: pyyaml in /usr/local/lib/python3.11/dist-packages (from donfig>=0.8->zarr) (6.0.2)
22.4s 19 Collecting crc32c>=2.7 (from numcodecs[crc32c]>=0.14->zarr)
22.4s 20 Downloading crc32c-2.7.1-cp311-cp311-manylinux_2_5_x86_64.manylinux1_x86_64.manylinux_2_17_x86_64.manylinux2014_x86_64.whl.metadata (7.3 kB)
22.4s 21 Requirement already satisfied: mkl_fft in /usr/local/lib/python3.11/dist-packages (from numpy>=1.25->zarr) (1.3.8)
22.4s 22 Requirement already satisfied: mkl_random in /usr/local/lib/python3.11/dist-packages (from numpy>=1.25->zarr) (1.2.4)
22.4s 23 Requirement already satisfied: mkl_umath in /usr/local/lib/python3.11/dist-packages (from numpy>=1.25->zarr) (0.1.1)
22.4s 24 Requirement already satisfied: mkl in /usr/local/lib/python3.11/dist-packages (from numpy>=1.25->zarr) (2025.1.0)
22.4s 25 Requirement already satisfied: tbb4py in /usr/local/lib/python3.11/dist-packages (from numpy>=1.25->zarr) (2022.1.0)
22.4s 26 Requirement already satisfied: mkl-service in /usr/local/lib/python3.11/dist-packages (from numpy>=1.25->zarr) (2.4.1)
22.4s 27 Requirement already satisfied: intel-openmp<2026,>=2024 in /usr/local/lib/python3.11/dist-packages (from mkl->numpy>=1.25->zarr) (2024.2.0)
22.4s 28 Requirement already satisfied: tbb==2022.* in /usr/local/lib/python3.11/dist-packages (from mkl->numpy>=1.25->zarr) (2022.1.0)
22.4s 29 Requirement already satisfied: tcmlib==1.* in /usr/local/lib/python3.11/dist-packages (from tbb==2022.*->mkl->numpy>=1.25->zarr) (1.3.0)
22.4s 30 Requirement already satisfied: intel-cmplr-lib-rt in /usr/local/lib/python3.11/dist-packages (from mkl_umath->numpy>=1.25->zarr) (2024.2.0)
22.4s 31 Requirement already satisfied: intel-cmplr-lib-ur==2024.2.0 in /usr/local/lib/python3.11/dist-packages (from intel-openmp<2026,>=2024->mkl->numpy>=1.25->zarr) (2024.2.0)
22.5s 32 Downloading zarr-3.0.8-py3-none-any.whl (205 kB)
22.5s 33 [?25l   [90m━━━━━━━━━━━━━━━━━━━━━━━━━━━━━━━━━━━━━━━━[0m [32m0.0/205.4 kB[0m [31m?[0m eta [36m-:--:--[0m[2K   [91m━━━━━━━━━━━━━━━━━━━━━━━━━━━━━━━━━━━━━━━[0m[91m╸[0m [32m204.8/205.4 kB[0m [31m8.1 MB/s[0m eta [36m0:00:01[0m[2K   [90m━━━━━━━━━━━━━━━━━━━━━━━━━━━━━━━━━━━━━━━━[0m [32m205.4/205.4 kB[0m [31m5.0 MB/s[0m eta [36m0:00:00[0m
22.5s 34 [?25hDownloading donfig-0.8.1.post1-py3-none-any.whl (21 kB)
22.5s 35 Downloading numcodecs-0.16.1-cp311-cp311-manylinux_2_17_x86_64.manylinux2014_x86_64.whl (8.8 MB)
22.7s 36 [?25l   [90m━━━━━━━━━━━━━━━━━━━━━━━━━━━━━━━━━━━━━━━━[0m [32m0.0/8.8 MB[0m [31m?[0m eta [36m-:--:--[0m[2K   [91m━━━━━━━[0m[91m╸[0m[90m━━━━━━━━━━━━━━━━━━━━━━━━━━━━━━━━[0m [32m1.7/8.8 MB[0m [31m57.7 MB/s[0m eta [36m0:00:01[0m[2K   [91m━━━━━━━━━━━━━━━━━━━━━━━━━━━━━━━[0m[91m╸[0m[90m━━━━━━━━[0m [32m7.0/8.8 MB[0m [31m101.9 MB/s[0m eta [36m0:00:01[0m[2K   [91m━━━━━━━━━━━━━━━━━━━━━━━━━━━━━━━━━━━━━━━[0m[91m╸[0m [32m8.8/8.8 MB[0m [31m113.4 MB/s[0m eta [36m0:00:01[0m[2K   [90m━━━━━━━━━━━━━━━━━━━━━━━━━━━━━━━━━━━━━━━━[0m [32m8.8/8.8 MB[0m [31m75.7 MB/s[0m eta [36m0:00:00[0m
22.7s 37 [?25hDownloading crc32c-2.7.1-cp311-cp311-manylinux_2_5_x86_64.manylinux1_x86_64.manylinux_2_17_x86_64.manylinux2014_x86_64.whl (53 kB)
22.7s 38 [?25l   [90m━━━━━━━━━━━━━━━━━━━━━━━━━━━━━━━━━━━━━━━━[0m [32m0.0/53.7 kB[0m [31m?[0m eta [36m-:--:--[0m[2K   [90m━━━━━━━━━━━━━━━━━━━━━━━━━━━━━━━━━━━━━━━━[0m [32m53.7/53.7 kB[0m [31m3.6 MB/s[0m eta [36m0:00:00[0m
24.3s 39 [?25hInstalling collected packages: donfig, crc32c, numcodecs, zarr
24.8s 40 Successfully installed crc32c-2.7.1 donfig-0.8.1.post1 numcodecs-0.16.1 zarr-3.0.8
28.4s 41 /tmp/ipykernel_19/457860273.py:133: FutureWarning: `torch.cuda.amp.GradScaler(args...)` is deprecated. Please use `torch.amp.GradScaler('cuda', args...)` instead.
28.4s 42 scaler = torch.cuda.amp.GradScaler() if use_bfloat16 else None
35.3s 43 /tmp/ipykernel_19/1805945919.py:26: FutureWarning: `torch.cuda.amp.autocast(args...)` is deprecated. Please use `torch.amp.autocast('cuda', args...)` instead.
35.3s 44 with torch.cuda.amp.autocast(dtype=torch.bfloat16, enabled=use_bfloat16):
822.4s 45 Validation loss: 0.47786179319024086
823.1s 46 /tmp/ipykernel_19/3634801021.py:57: FutureWarning: `torch.cuda.amp.autocast(args...)` is deprecated. Please use `torch.amp.autocast('cuda', args...)` instead.
823.1s 47 with torch.cuda.amp.autocast(dtype=torch.bfloat16, enabled=use_bfloat16):
823.6s 48 loss: 0.4755554795265198, maskA: 67.0, maskB: 42.0
832.4s 49 loss: 0.2994135171175003, maskA: 81.72727272727273, maskB: 42.45454545454545
845.9s 50 loss: 0.2505449226924351, maskA: 81.95238095238095, maskB: 43.38095238095238
858.9s 51 loss: 0.2235951457292803, maskA: 82.61290322580645, maskB: 44.096774193548384
1661.0s 52 Validation loss: 0.14866804527118802
1664.1s 53 loss: 0.20694775734005905, maskA: 83.53658536585365, maskB: 44.146341463414636
1673.9s 54 loss: 0.1950622123538279, maskA: 83.13725490196079, maskB: 43.94117647058823
1687.4s 55 loss: 0.18880595559956598, maskA: 83.72131147540983, maskB: 43.80327868852459
1700.8s 56 loss: 0.1813738605296108, maskA: 83.26760563380282, maskB: 43.971830985915496
2506.9s 57 Validation loss: 0.1608652390539646
2507.3s 58 loss: 0.18165451095060067, maskA: 82.8641975308642, maskB: 44.24691358024691
2516.0s 59 loss: 0.17737755212155018, maskA: 82.57142857142857, maskB: 44.18681318681319
2528.9s 60 loss: 0.17716506588281972, maskA: 82.63366336633663, maskB: 44.01980198019802
2542.1s 61 loss: 0.17883739150590724, maskA: 81.94594594594595, maskB: 44.108108108108105
3350.4s 62 Validation loss: 0.18066711502149702
3350.8s 63 loss: 0.18018857164939572, maskA: 81.64462809917356, maskB: 44.17355371900826
3359.6s 64 loss: 0.17993532761021425, maskA: 81.37404580152672, maskB: 44.23664122137404
3373.2s 65 loss: 0.18026823315320287, maskA: 80.98581560283688, maskB: 44.333333333333336
3386.5s 66 loss: 0.18209051052170083, maskA: 81.10596026490066, maskB: 44.205298013245034
4197.0s 67 Validation loss: 0.18166494969278574
4197.4s 68 loss: 0.1797536420202033, maskA: 80.85093167701864, maskB: 44.36645962732919
4206.3s 69 loss: 0.1798791101322188, maskA: 81.14035087719299, maskB: 44.29824561403509
4219.2s 70 loss: 0.17895089841103026, maskA: 80.88950276243094, maskB: 44.370165745856355
4232.8s 71 loss: 0.17659984868390396, maskA: 80.92146596858639, maskB: 44.303664921465966
5043.6s 72 Validation loss: 0.17676724579185246
5044.0s 73 loss: 0.17641847106206476, maskA: 80.93034825870647, maskB: 44.27860696517413
5053.1s 74 loss: 0.1761077684460658, maskA: 80.69194312796209, maskB: 44.39810426540284
5066.5s 75 loss: 0.17599104183022254, maskA: 80.51131221719457, maskB: 44.452488687782804
5079.5s 76 loss: 0.1754647327578945, maskA: 80.50649350649351, maskB: 44.3982683982684
5885.9s 77 Validation loss: 0.17745572177693247
5886.2s 78 loss: 0.17531847947613333, maskA: 80.44398340248962, maskB: 44.47302904564315
5894.8s 79 loss: 0.17548988234118162, maskA: 80.20318725099601, maskB: 44.47011952191235
5907.8s 80 loss: 0.17594324431999434, maskA: 80.4176245210728, maskB: 44.371647509578544
5921.4s 81 loss: 0.17546744405453496, maskA: 80.46863468634686, maskB: 44.35055350553505
6723.6s 82 Validation loss: 0.17584686368703842
6724.0s 83 loss: 0.17557895069550788, maskA: 80.47686832740213, maskB: 44.30249110320285
6732.9s 84 loss: 0.17556874868796044, maskA: 80.47766323024055, maskB: 44.2852233676976
6746.5s 85 loss: 0.17572957104028658, maskA: 80.49501661129568, maskB: 44.245847176079735
6759.6s 86 loss: 0.17517260857333708, maskA: 80.55948553054662, maskB: 44.21221864951769
7560.7s 87 Validation loss: 0.17403900146484375
7561.1s 88 loss: 0.1748063200011246, maskA: 80.70093457943925, maskB: 44.14018691588785
7570.0s 89 loss: 0.17506889471069564, maskA: 80.74320241691844, maskB: 44.12990936555891
7583.5s 90 loss: 0.17436011407600818, maskA: 80.60410557184751, maskB: 44.17302052785924
7596.6s 91 loss: 0.17410246097082085, maskA: 80.76923076923077, maskB: 44.1965811965812
8405.9s 92 Validation loss: 0.17192242097109556
8406.3s 93 loss: 0.17272424149401797, maskA: 80.97229916897507, maskB: 44.13019390581717
8415.1s 94 loss: 0.17293132123138225, maskA: 80.97574123989219, maskB: 44.13746630727763
8428.1s 95 loss: 0.17269183592161952, maskA: 81.03937007874016, maskB: 44.128608923884514
8441.9s 96 loss: 0.17257795292798364, maskA: 80.98721227621483, maskB: 44.16624040920716
9247.0s 97 Validation loss: 0.19163165383040906
9247.4s 98 loss: 0.17268950648680143, maskA: 81.00249376558604, maskB: 44.13965087281795
9256.3s 99 loss: 0.17241557843874405, maskA: 81.07785888077859, maskB: 44.14598540145985
9269.7s 100 loss: 0.17170534790394001, maskA: 81.05225653206651, maskB: 44.12351543942993
9282.4s 101 loss: 0.17229397677472877, maskA: 80.95591647331787, maskB: 44.11600928074246
10087.8s 102 Validation loss: 0.17980897465720772
10088.1s 103 loss: 0.17252897768114564, maskA: 81.09750566893425, maskB: 44.07936507936508
10097.5s 104 loss: 0.17269818386901375, maskA: 81.039911308204, maskB: 44.12638580931264
10110.4s 105 loss: 0.17225564285353182, maskA: 81.03253796095444, maskB: 44.11496746203905
10123.8s 106 loss: 0.17192508403267198, maskA: 80.96178343949045, maskB: 44.10828025477707
10933.1s 107 Validation loss: 0.17903686315752565
10933.5s 108 loss: 0.17174161753371328, maskA: 80.97297297297297, maskB: 44.12681912681913
10942.5s 109 loss: 0.17189772701357509, maskA: 80.9755600814664, maskB: 44.14052953156823
10956.4s 110 loss: 0.17188846527741936, maskA: 81.07784431137725, maskB: 44.12175648702595
10970.0s 111 loss: 0.17200118371462286, maskA: 81.0958904109589, maskB: 44.16242661448141
11778.0s 112 Validation loss: 0.17602856950834395
11778.3s 113 loss: 0.1709564077469472, maskA: 81.03262955854127, maskB: 44.190019193857964
11787.7s 114 loss: 0.17044429834265606, maskA: 80.91148775894538, maskB: 44.227871939736346
11801.1s 115 loss: 0.17015554046330633, maskA: 80.97781885397413, maskB: 44.208872458410355
11814.4s 116 loss: 0.17024053949288037, maskA: 81.01633393829401, maskB: 44.188747731397456
12621.3s 117 Validation loss: 0.1792067727074027
12621.6s 118 loss: 0.16991018197447752, maskA: 80.80570409982175, maskB: 44.288770053475936
12630.6s 119 loss: 0.16993297833864512, maskA: 80.78633975481611, maskB: 44.288966725043785
12644.1s 120 loss: 0.16949719312102268, maskA: 80.81067125645438, maskB: 44.278829604130806
12657.5s 121 loss: 0.16963937071462473, maskA: 80.93739424703892, maskB: 44.2165820642978
13467.7s 122 Validation loss: 0.1780917615070939
13468.1s 123 loss: 0.1695608052947309, maskA: 80.93344425956738, maskB: 44.239600665557404
13477.4s 124 loss: 0.16929892394173457, maskA: 80.88052373158756, maskB: 44.242225859247135
13490.7s 125 loss: 0.16897161159478427, maskA: 80.99033816425121, maskB: 44.2061191626409
13504.0s 126 loss: 0.16860456522347528, maskA: 80.97147385103011, maskB: 44.217115689381934
14314.6s 127 Validation loss: 0.1832287863828242
14315.0s 128 loss: 0.16866793485529802, maskA: 81.01248049921998, maskB: 44.19188767550702
14323.6s 129 loss: 0.16908097641110512, maskA: 81.01228878648233, maskB: 44.20276497695853
14337.3s 130 loss: 0.16875871348387805, maskA: 81.04084720121028, maskB: 44.205748865355524
14350.9s 131 loss: 0.1685908447406997, maskA: 81.0193740685544, maskB: 44.20715350223547
15161.3s 132 Validation loss: 0.17520478970371187
15161.7s 133 loss: 0.16863173317224356, maskA: 81.00587371512482, maskB: 44.22760646108664
15171.0s 134 loss: 0.16854796211158402, maskA: 81.0260492040521, maskB: 44.22141823444284
15184.4s 135 loss: 0.1684769343946145, maskA: 80.95577746077034, maskB: 44.22396576319544
15198.1s 136 loss: 0.16815418483618694, maskA: 80.929676511955, maskB: 44.251758087201125
16006.9s 137 Validation loss: 0.1746962536405772
16007.2s 138 loss: 0.16797870133800663, maskA: 80.86407766990291, maskB: 44.270457697642165
16016.0s 139 loss: 0.16760739900946373, maskA: 80.81395348837209, maskB: 44.27222982216142
16029.6s 140 loss: 0.16740875939276778, maskA: 80.73144399460189, maskB: 44.257759784075574
16042.6s 141 loss: 0.16737308291428177, maskA: 80.70838881491345, maskB: 44.2676431424767
16849.4s 142 Validation loss: 0.17472020145505668
16849.8s 143 loss: 0.16712700594926397, maskA: 80.68068331143233, maskB: 44.269382391590014
16859.3s 144 loss: 0.16705919053990168, maskA: 80.74578469520104, maskB: 44.255512321660184
16872.3s 145 loss: 0.16740278618961152, maskA: 80.70934699103714, maskB: 44.27272727272727
16885.8s 146 loss: 0.1673619356901207, maskA: 80.69279393173198, maskB: 44.288242730720604
17693.3s 147 Validation loss: 0.17774556232616306
17693.6s 148 loss: 0.16709861889267608, maskA: 80.72284644194757, maskB: 44.27215980024969
17702.6s 149 loss: 0.1669986102197195, maskA: 80.71763255240444, maskB: 44.27373612823674
17716.0s 150 loss: 0.16694627700194298, maskA: 80.81120584652862, maskB: 44.25334957369062
17729.7s 151 loss: 0.16678224886609544, maskA: 80.82912154031288, maskB: 44.246690734055356
18536.3s 152 Validation loss: 0.17843581434339284
18536.7s 153 loss: 0.16676784814174833, maskA: 80.79191438763377, maskB: 44.24851367419738
18545.8s 154 loss: 0.16668711153332902, maskA: 80.87426556991774, maskB: 44.23501762632198
18559.1s 155 loss: 0.16685283683136573, maskA: 80.89430894308943, maskB: 44.23693379790941
18572.4s 156 loss: 0.16656862699504765, maskA: 80.92766934557979, maskB: 44.23076923076923
19379.0s 157 Validation loss: 0.17540681578218936
19379.3s 158 loss: 0.16657895735855066, maskA: 80.88876276958003, maskB: 44.24631101021566
19388.1s 159 loss: 0.16658299035621613, maskA: 80.87093153759821, maskB: 44.2615039281706
19401.5s 160 loss: 0.1665882233522014, maskA: 80.84017758046615, maskB: 44.289678135405104
19415.0s 161 loss: 0.16636047794245404, maskA: 80.74533479692646, maskB: 44.3238199780461
20221.6s 162 Validation loss: 0.1711163350380957
20222.0s 163 loss: 0.16629029914583043, maskA: 80.73398479913138, maskB: 44.31161780673181
20230.8s 164 loss: 0.16638222381384557, maskA: 80.67883995703545, maskB: 44.338345864661655
20244.6s 165 loss: 0.16629839104409236, maskA: 80.70350690754516, maskB: 44.33156216790648
20257.9s 166 loss: 0.16609792965028503, maskA: 80.75289169295479, maskB: 44.3186119873817
21064.6s 167 Validation loss: 0.16815369565971194
21065.0s 168 loss: 0.16618608764559806, maskA: 80.83870967741936, maskB: 44.28616024973985
21074.4s 169 loss: 0.16597982732930155, maskA: 80.88362512873327, maskB: 44.27497425334707
21087.9s 170 loss: 0.16564422166288265, maskA: 80.88481141692151, maskB: 44.28236493374108
21101.4s 171 loss: 0.16570108394607466, maskA: 80.85267406659939, maskB: 44.295660948536835
21908.4s 172 Validation loss: 0.1707417176477611
21908.8s 173 loss: 0.165693176549289, maskA: 80.85114885114885, maskB: 44.30869130869131
21917.9s 174 loss: 0.16569871317805274, maskA: 80.81701285855588, maskB: 44.31454005934718
21931.5s 175 loss: 0.16564677250147392, maskA: 80.82859941234084, maskB: 44.32517140058766
21944.6s 176 loss: 0.1655129114677181, maskA: 80.80504364694471, maskB: 44.31425800193986
22752.9s 177 Validation loss: 0.17112098228186368
22753.2s 178 loss: 0.16526753151043175, maskA: 80.83669548511047, maskB: 44.29106628242075
22762.6s 179 loss: 0.1649009794773061, maskA: 80.84015223596575, maskB: 44.29115128449096
22775.8s 180 loss: 0.16483010684335772, maskA: 80.83411875589067, maskB: 44.30348727615457
22789.0s 181 loss: 0.1648543858126738, maskA: 80.78057889822595, maskB: 44.321195144724555
23593.0s 182 Validation loss: 0.16505675137043
23593.3s 183 loss: 0.1647247714037894, maskA: 80.81128584643848, maskB: 44.31082331174838
23602.3s 184 loss: 0.16444862678162173, maskA: 80.84876260311641, maskB: 44.305224564619614
23615.8s 185 loss: 0.16431404363116983, maskA: 80.82652134423252, maskB: 44.322434150772025
23629.8s 186 loss: 0.16434124975048617, maskA: 80.83348334833484, maskB: 44.34383438343834
24433.4s 187 Validation loss: 0.15948491012677551
24433.8s 188 loss: 0.16402179069724018, maskA: 80.87065120428188, maskB: 44.33363068688671
24442.7s 189 loss: 0.16377391741766695, maskA: 80.83819628647215, maskB: 44.355437665782496
24456.7s 190 loss: 0.16364360959689467, maskA: 80.82646801051709, maskB: 44.36108676599474
24470.0s 191 loss: 0.16350187848505768, maskA: 80.79235447437011, maskB: 44.37185056472632
25274.4s 192 Validation loss: 0.15925281716510653
25274.8s 193 loss: 0.163251124840618, maskA: 80.79758828596037, maskB: 44.382428940568474
25284.3s 194 loss: 0.16303054302339112, maskA: 80.80187873612297, maskB: 44.38770281810419
25297.4s 195 loss: 0.16295128295341607, maskA: 80.78408128704487, maskB: 44.392040643522435
25311.0s 196 loss: 0.16266321777784454, maskA: 80.8656591099916, maskB: 44.36607892527288
26117.5s 197 Validation loss: 0.15299097122624516
26117.8s 198 loss: 0.16262742883520362, maskA: 80.86178184845961, maskB: 44.366361365528725
26126.6s 199 loss: 0.16250228573292075, maskA: 80.88191577208919, maskB: 44.35672997522708
26139.6s 200 loss: 0.16235962717883123, maskA: 80.9000819000819, maskB: 44.351351351351354
26152.8s 201 loss: 0.16234292377128434, maskA: 80.9285134037368, maskB: 44.346060113728676
26955.8s 202 Validation loss: 0.16153228854760526
26956.1s 203 loss: 0.16231216763736836, maskA: 80.9041095890411, maskB: 44.3505237711523
26965.1s 204 loss: 0.16215626489546756, maskA: 80.90567545963229, maskB: 44.35011990407674
26978.9s 205 loss: 0.16190206630836396, maskA: 80.91197462331483, maskB: 44.33941316415543
26992.0s 206 loss: 0.161900268649253, maskA: 80.90558615263572, maskB: 44.34461054287962
27797.2s 207 Validation loss: 0.15715506015345454
27797.5s 208 loss: 0.16161533572495124, maskA: 80.91959406713505, maskB: 44.349726775956285
27807.3s 209 loss: 0.16147108329279675, maskA: 80.92718822618126, maskB: 44.35476374903176
27820.5s 210 loss: 0.16133903075212885, maskA: 80.97079169869332, maskB: 44.34511913912375
27834.4s 211 loss: 0.16136317297782177, maskA: 81.00076277650648, maskB: 44.331045003813884
28635.8s 212 Validation loss: 0.15063117667101322
28636.2s 213 loss: 0.16127655055320325, maskA: 80.98713096139288, maskB: 44.35881907645723
28644.8s 214 loss: 0.16096831974870812, maskA: 81.02329075882795, maskB: 44.34936138241923
28657.6s 215 loss: 0.16099615690925512, maskA: 81.05145413870247, maskB: 44.344519015659955
28671.3s 216 loss: 0.1609793886305181, maskA: 81.0481125092524, maskB: 44.34937083641747
29475.3s 217 Validation loss: 0.14873795139603316
29475.7s 218 loss: 0.16064809662105842, maskA: 81.06245407788391, maskB: 44.35415135929463
29484.4s 219 loss: 0.16034686504262022, maskA: 81.07804522246535, maskB: 44.33698030634573
29498.2s 220 loss: 0.1601889321875909, maskA: 81.03258508327299, maskB: 44.34612599565532
29511.4s 221 loss: 0.16033880005769383, maskA: 81.00503235082674, maskB: 44.350826743350105
30320.1s 222 Validation loss: 0.147129857102409
30323.2s 223 loss: 0.16007982765315773, maskA: 81.03568879371878, maskB: 44.332619557458955
30332.7s 224 loss: 0.15984311670033244, maskA: 81.01417434443657, maskB: 44.33664068036853
30345.7s 225 loss: 0.15972257708838336, maskA: 81.05137227304715, maskB: 44.323715693173824
30359.4s 226 loss: 0.15969049031660743, maskA: 81.02865129280224, maskB: 44.341020265548565
31166.4s 227 Validation loss: 0.1461879080347717
31169.6s 228 loss: 0.1594510238170417, maskA: 81.03608605135322, maskB: 44.336571825121446
31178.4s 229 loss: 0.15920463122483947, maskA: 81.02481047553411, maskB: 44.3328738800827
31192.2s 230 loss: 0.159139465117377, maskA: 81.00616016427105, maskB: 44.340862422997944
31205.3s 231 loss: 0.15900414589764633, maskA: 80.99728076138682, maskB: 44.34126444595513
32011.8s 232 Validation loss: 0.145490938834846
32014.9s 233 loss: 0.15898193388543444, maskA: 80.97704253882512, maskB: 44.34571235651587
32024.3s 234 loss: 0.15882223026763265, maskA: 80.95841716968478, maskB: 44.34607645875251
32036.9s 235 loss: 0.1586961702559687, maskA: 80.97401732178548, maskB: 44.3344437041972
32049.9s 236 loss: 0.1585852793540527, maskA: 81.01455989410987, maskB: 44.31833223031105
32851.0s 237 Validation loss: 0.14182288573123514
32854.1s 238 loss: 0.1586020488725494, maskA: 81.00657462195923, maskB: 44.32281393819856
32863.0s 239 loss: 0.15833887376334058, maskA: 81.02873938602221, maskB: 44.310907903331156
32876.0s 240 loss: 0.1583108671425342, maskA: 81.02141466580143, maskB: 44.30759247242051
32889.7s 241 loss: 0.1581976139698199, maskA: 81.00322372662798, maskB: 44.319148936170215
33692.7s 242 Validation loss: 0.13685750062577426
33695.9s 243 loss: 0.15793674807186542, maskA: 80.99103139013452, maskB: 44.327354260089685
33704.9s 244 loss: 0.15770057186645584, maskA: 80.96944621260344, maskB: 44.33163590070019
33718.5s 245 loss: 0.15747214897354897, maskA: 80.94813409234662, maskB: 44.350411132194814
33732.0s 246 loss: 0.1572051772169914, maskA: 80.99182903834067, maskB: 44.33940917661848
34538.6s 247 Validation loss: 0.13365672408603133
34541.9s 248 loss: 0.15688202995981446, maskA: 80.99687695190507, maskB: 44.3472829481574
34551.7s 249 loss: 0.15662185941643036, maskA: 81.00496585971446, maskB: 44.3618870266915
34565.1s 250 loss: 0.15634283204640526, maskA: 80.99938309685379, maskB: 44.36582356570018
34578.8s 251 loss: 0.15621805316662948, maskA: 81.02636419374616, maskB: 44.35438381361128
35383.0s 252 Validation loss: 0.13500129314139486
35383.3s 253 loss: 0.1560760587045218, maskA: 81.01584399756246, maskB: 44.35100548446069
35392.2s 254 loss: 0.15580447774486494, maskA: 81.00908540278618, maskB: 44.3549364021805
35405.5s 255 loss: 0.15563624000097168, maskA: 80.99518362432269, maskB: 44.35881998795906
35419.5s 256 loss: 0.15552117836949783, maskA: 80.99700777977259, maskB: 44.36624775583483
36223.7s 257 Validation loss: 0.1415083562489599
36224.1s 258 loss: 0.15533478573133094, maskA: 81.04045211183819, maskB: 44.3515764425937
36232.6s 259 loss: 0.15520967057802, maskA: 81.00650502661148, maskB: 44.348314606741575
36245.9s 260 loss: 0.1550366791498479, maskA: 80.98883009994121, maskB: 44.35155790711346
36258.6s 261 loss: 0.15494294049384857, maskA: 81.0052600818235, maskB: 44.355347749853884
37061.4s 262 Validation loss: 0.13001787949353458
37064.7s 263 loss: 0.15475543832784125, maskA: 80.98256827425915, maskB: 44.36955258570598
37074.1s 264 loss: 0.15448021564410988, maskA: 80.97400346620451, maskB: 44.36568457538995
37087.0s 265 loss: 0.1543245182609606, maskA: 80.97128087306146, maskB: 44.36588167719702
37100.4s 266 loss: 0.1539997857729923, maskA: 80.9565962307253, maskB: 44.36607652769846
37902.3s 267 Validation loss: 0.13383216748014093
37902.6s 268 loss: 0.153788071347867, maskA: 80.9511641113004, maskB: 44.369676320272575
37911.3s 269 loss: 0.15353367175383126, maskA: 80.94974590626765, maskB: 44.37662337662338
37924.5s 270 loss: 0.1533258922925195, maskA: 80.88321167883211, maskB: 44.380123526108925
37938.3s 271 loss: 0.15300332536033784, maskA: 80.91010608598549, maskB: 44.36906756002234
38743.2s 272 Validation loss: 0.12529634189791977
38746.3s 273 loss: 0.15276798493394847, maskA: 80.91560244308717, maskB: 44.36868406440866
38755.2s 274 loss: 0.15258915069467255, maskA: 80.885698509111, maskB: 44.37879624516842
38768.3s 275 loss: 0.15249787464140535, maskA: 80.88028555738605, maskB: 44.384953322350356
38781.4s 276 loss: 0.1522785080367916, maskA: 80.8787547788094, maskB: 44.385035499726925
39586.8s 277 Validation loss: 0.12169488632120191
39590.0s 278 loss: 0.1521027672131349, maskA: 80.91472026072786, maskB: 44.36773492667029
39599.5s 279 loss: 0.15185045070547726, maskA: 80.9086980010805, maskB: 44.36088600756348
39612.8s 280 loss: 0.15166362099577702, maskA: 80.91886082751209, maskB: 44.36378291241268
39625.9s 281 loss: 0.1514496619368638, maskA: 80.93265633351149, maskB: 44.36397648316408
40436.3s 282 Validation loss: 0.11956632041372359
40439.5s 283 loss: 0.1511826872635496, maskA: 80.9197235513025, maskB: 44.36735778841042
40448.5s 284 loss: 0.150885958224535, maskA: 80.89264939185617, maskB: 44.377049180327866
40462.1s 285 loss: 0.150593376521027, maskA: 80.86901630720673, maskB: 44.38032614413466
40475.7s 286 loss: 0.15039975695947524, maskA: 80.88540031397174, maskB: 44.363683935112505
41281.4s 287 Validation loss: 0.11715668832883239
41284.9s 288 loss: 0.15012173482228044, maskA: 80.8620510150963, maskB: 44.37584591358667
41294.3s 289 loss: 0.14993887764687738, maskA: 80.8503366131538, maskB: 44.375970999482135
41307.6s 290 loss: 0.1497554882385877, maskA: 80.88304997424008, maskB: 44.36630602782071
41320.5s 291 loss: 0.14956045833567605, maskA: 80.85904664274732, maskB: 44.372116863147106
42125.6s 292 Validation loss: 0.11414775929413735
42128.8s 293 loss: 0.14926939092724678, maskA: 80.85670576236613, maskB: 44.366139724630294
42137.9s 294 loss: 0.14904512909729126, maskA: 80.84830035514968, maskB: 44.36326737696601
42150.9s 295 loss: 0.1488412004481326, maskA: 80.85058051489148, maskB: 44.369510348308935
42164.5s 296 loss: 0.14863037773221358, maskA: 80.82923154193873, maskB: 44.37870416875942
42968.9s 297 Validation loss: 0.11551484125200659
42969.3s 298 loss: 0.148426979487908, maskA: 80.84257871064467, maskB: 44.381809095452276
42978.2s 299 loss: 0.14820976155402055, maskA: 80.85678766782695, maskB: 44.39035305818001
42992.1s 300 loss: 0.1480012020259314, maskA: 80.85799109351807, maskB: 44.390400791687284
43005.1s 301 loss: 0.14787042097673223, maskA: 80.82619399310684, maskB: 44.396356474643035